<antlib>
    <taskdef name="assert-file-equals" classname="com.amazonaws.ant.AssertFileEqualsTask" />

    <taskdef name="setup-s3" classname="com.amazonaws.ant.s3.SetUpS3TestsTask" />
    <taskdef name="cleanup-s3" classname="com.amazonaws.ant.s3.CleanUpS3TestsTask" />
    
    <!-- <taskdef name="setup-beanstalk"
        classname="com.amazonaws.ant.elasticbeanstalk.SetUpBeanstalkTestsTask" />
    <taskdef name="delete-beanstalk-app"
        classname="com.amazonaws.ant.elasticbeanstalk.DeleteBeanstalkApplicationTask" />
    <taskdef name="test-beanstalk-deployment"
        classname="com.amazonaws.ant.elasticbeanstalk.TestSuccessfulBeanstalkDeploymentTask" />
    <taskdef name="cleanup-beanstalk"
        classname="com.amazonaws.ant.elasticbeanstalk.CleanUpBeanstalkTestsTask" />
        
    <taskdef name="setup-opsworks-tests" classname="com.amazonaws.ant.opsworks.SetUpOpsWorksTestsTask" />
    <taskdef name="assert-successful-opsworks-deployment" classname="com.amazonaws.ant.opsworks.AssertSuccessfulDeploymentTask" />
    <taskdef name="let-opsworks-instance-reach-state" classname="com.amazonaws.ant.opsworks.WaitForInstanceToReachStateTask"/>
    <taskdef name="teardown-opsworks-tests" classname="com.amazonaws.ant.opsworks.TearDownOpsWorksTestsTask"/>
    
    <taskdef name="setup-cloudformation-tests" classname="com.amazonaws.ant.cloudformation.SetUpCloudFormationTestsTask" />
    <taskdef name="tear-down-cloudformation-tests" classname="com.amazonaws.ant.cloudformation.TearDownCloudFormationTestsTask" /> -->
</antlib>